
[DEBUG|cubanman|main|95|] 2025-08-18T20:29:46-0400: ----------------------------------------------------------
[INFO|essentials_cubanman_proxy|listen|183|] 2025-08-18T20:29:46-0400: binding proxy_server to 127.0.0.1 8888
[INFO|essentials_cubanman_proxy|listen|193|] 2025-08-18T20:29:46-0400: proxy_server is listening for connections
[DEBUG|essentials_cubanman_proxy|start|231|] 2025-08-18T20:29:46-0400: starting main loop
[DEBUG|essentials_cubanman_proxy|accept|197|] 2025-08-18T20:29:47-0400: proxy_server accepted a connection
[DEBUG|essentials_cubanman_proxy|settimeout|170|] 2025-08-18T20:29:47-0400: proxy_server setting a 5 second timeout on sock-140521664486592
[DEBUG|essentials_cubanman_proxy|accept|208|] 2025-08-18T20:29:47-0400: bws_sock: 140521664486592 | proxy_sock 140521664486496
[DEBUG|essentials_cubanman_proxy|accept|197|] 2025-08-18T20:29:47-0400: proxy_server accepted a connection
[DEBUG|essentials_cubanman_proxy|settimeout|170|] 2025-08-18T20:29:47-0400: proxy_server setting a 5 second timeout on sock-140521664486784
[DEBUG|essentials_cubanman_proxy|accept|208|] 2025-08-18T20:29:47-0400: bws_sock: 140521664486784 | proxy_sock 140521664486880
[DEBUG|essentials_cubanman_proxy|recv|34|] 2025-08-18T20:29:47-0400: Bws_sock 140521664486592 receiving data
[DEBUG|utils_cubanman_proxy|recv|160|] 2025-08-18T20:29:47-0400: about http msg: datalength: 0 | totalLength: b'-1' | msgType: 3 | connectionType: 1
[DEBUG|essentials_cubanman_proxy|set_status|29|] 2025-08-18T20:29:47-0400: setting connection status of Bws_sock 140521664486592 and Proxy_sock 140521664486496
[DEBUG|essentials_cubanman_proxy|connect|128|] 2025-08-18T20:29:47-0400: Proxy_sock 140521664486496 connecting to b'detectportal.firefox.com' on 80
[DEBUG|essentials_cubanman_proxy|settimeout|83|] 2025-08-18T20:29:47-0400: Proxy_sock 140521664486496 setting a 5 second timeout
[DEBUG|essentials_cubanman_proxy|send|102|] 2025-08-18T20:29:47-0400: Proxy_sock 140521664486496 sending data
[DEBUG|essentials_cubanman_proxy|send|104|] 2025-08-18T20:29:47-0400: success
[DEBUG|essentials_cubanman_proxy|recv|147|] 2025-08-18T20:29:47-0400: Proxy_sock 140521664486496 receiving data from b'detectportal.firefox.com'
[DEBUG|utils_cubanman_proxy|recv|160|] 2025-08-18T20:29:47-0400: about http msg: datalength: 8 | totalLength: 8 | msgType: 1 | connectionType: 1
[DEBUG|essentials_cubanman_proxy|set_status|94|] 2025-08-18T20:29:47-0400: Proxy_sock 140521664486496 setting connection status to 1
[DEBUG|essentials_cubanman_proxy|send_back|142|] 2025-08-18T20:29:47-0400: Proxy_sock 140521664486496 sending back response received from server
[DEBUG|essentials_cubanman_proxy|send|40|] 2025-08-18T20:29:47-0400: Bws_sock 140521664486592 sending data back
[DEBUG|essentials_cubanman_proxy|send|42|] 2025-08-18T20:29:47-0400: success
[DEBUG|essentials_cubanman_proxy|recv|34|] 2025-08-18T20:29:47-0400: Bws_sock 140521664486784 receiving data
[DEBUG|utils_cubanman_proxy|recv|160|] 2025-08-18T20:29:47-0400: about http msg: datalength: 0 | totalLength: b'-1' | msgType: 3 | connectionType: 1
[DEBUG|essentials_cubanman_proxy|set_status|29|] 2025-08-18T20:29:47-0400: setting connection status of Bws_sock 140521664486784 and Proxy_sock 140521664486880
[DEBUG|essentials_cubanman_proxy|connect|128|] 2025-08-18T20:29:47-0400: Proxy_sock 140521664486880 connecting to b'detectportal.firefox.com' on 80
[DEBUG|essentials_cubanman_proxy|settimeout|83|] 2025-08-18T20:29:48-0400: Proxy_sock 140521664486880 setting a 5 second timeout
[DEBUG|essentials_cubanman_proxy|send|102|] 2025-08-18T20:29:48-0400: Proxy_sock 140521664486880 sending data
[DEBUG|essentials_cubanman_proxy|send|104|] 2025-08-18T20:29:48-0400: success
[DEBUG|essentials_cubanman_proxy|recv|147|] 2025-08-18T20:29:48-0400: Proxy_sock 140521664486880 receiving data from b'detectportal.firefox.com'
[DEBUG|utils_cubanman_proxy|recv|160|] 2025-08-18T20:29:48-0400: about http msg: datalength: 8 | totalLength: 8 | msgType: 1 | connectionType: 1
[DEBUG|essentials_cubanman_proxy|set_status|94|] 2025-08-18T20:29:48-0400: Proxy_sock 140521664486880 setting connection status to 1
[DEBUG|essentials_cubanman_proxy|send_back|142|] 2025-08-18T20:29:48-0400: Proxy_sock 140521664486880 sending back response received from server
[DEBUG|essentials_cubanman_proxy|send|40|] 2025-08-18T20:29:48-0400: Bws_sock 140521664486784 sending data back
[DEBUG|essentials_cubanman_proxy|send|42|] 2025-08-18T20:29:48-0400: success
[DEBUG|essentials_cubanman_proxy|accept|197|] 2025-08-18T20:29:50-0400: proxy_server accepted a connection
[DEBUG|essentials_cubanman_proxy|settimeout|170|] 2025-08-18T20:29:50-0400: proxy_server setting a 5 second timeout on sock-140521664486688
[DEBUG|essentials_cubanman_proxy|accept|208|] 2025-08-18T20:29:50-0400: bws_sock: 140521664486688 | proxy_sock 140521664487072
[DEBUG|essentials_cubanman_proxy|recv|34|] 2025-08-18T20:29:50-0400: Bws_sock 140521664486688 receiving data
[DEBUG|utils_cubanman_proxy|recv|160|] 2025-08-18T20:29:50-0400: about http msg: datalength: 0 | totalLength: b'-1' | msgType: 3 | connectionType: 1
[DEBUG|essentials_cubanman_proxy|set_status|29|] 2025-08-18T20:29:50-0400: setting connection status of Bws_sock 140521664486688 and Proxy_sock 140521664487072
[DEBUG|essentials_cubanman_proxy|connect|128|] 2025-08-18T20:29:50-0400: Proxy_sock 140521664487072 connecting to b'www.columbia.edu' on 80
[DEBUG|essentials_cubanman_proxy|settimeout|83|] 2025-08-18T20:29:51-0400: Proxy_sock 140521664487072 setting a 5 second timeout
[DEBUG|essentials_cubanman_proxy|send|102|] 2025-08-18T20:29:51-0400: Proxy_sock 140521664487072 sending data
[DEBUG|essentials_cubanman_proxy|send|104|] 2025-08-18T20:29:51-0400: success
[DEBUG|essentials_cubanman_proxy|recv|147|] 2025-08-18T20:29:51-0400: Proxy_sock 140521664487072 receiving data from b'www.columbia.edu'
[DEBUG|utils_cubanman_proxy|recv|160|] 2025-08-18T20:29:51-0400: about http msg: datalength: 5301 | totalLength: b'-1' | msgType: 2 | connectionType: 0
[DEBUG|essentials_cubanman_proxy|set_status|94|] 2025-08-18T20:29:51-0400: Proxy_sock 140521664487072 setting connection status to 0
[DEBUG|essentials_cubanman_proxy|send_back|142|] 2025-08-18T20:29:51-0400: Proxy_sock 140521664487072 sending back response received from server
[DEBUG|essentials_cubanman_proxy|send|40|] 2025-08-18T20:29:51-0400: Bws_sock 140521664486688 sending data back
[DEBUG|essentials_cubanman_proxy|send|42|] 2025-08-18T20:29:51-0400: success
[DEBUG|essentials_cubanman_proxy|delPair|270|] 2025-08-18T20:29:51-0400: deleting and removing 140521664487072 and its reference sock 140521664486688
[DEBUG|essentials_cubanman_proxy|close|91|] 2025-08-18T20:29:51-0400: Proxy_sock 140521664487072 was closed...
[DEBUG|essentials_cubanman_proxy|close|57|] 2025-08-18T20:29:51-0400: closing Bws_sock 140521664486688
[DEBUG|essentials_cubanman_proxy|accept|197|] 2025-08-18T20:29:51-0400: proxy_server accepted a connection
[DEBUG|essentials_cubanman_proxy|settimeout|170|] 2025-08-18T20:29:51-0400: proxy_server setting a 5 second timeout on sock-140521664487360
[DEBUG|essentials_cubanman_proxy|accept|208|] 2025-08-18T20:29:51-0400: bws_sock: 140521664487360 | proxy_sock 140521664487168
[DEBUG|essentials_cubanman_proxy|recv|34|] 2025-08-18T20:29:51-0400: Bws_sock 140521664487360 receiving data
[DEBUG|utils_cubanman_proxy|recv|160|] 2025-08-18T20:29:51-0400: about http msg: datalength: 0 | totalLength: b'-1' | msgType: 3 | connectionType: 1
[DEBUG|essentials_cubanman_proxy|set_status|29|] 2025-08-18T20:29:51-0400: setting connection status of Bws_sock 140521664487360 and Proxy_sock 140521664487168
[DEBUG|essentials_cubanman_proxy|connect|128|] 2025-08-18T20:29:51-0400: Proxy_sock 140521664487168 connecting to b'www.columbia.edu' on 80
[DEBUG|essentials_cubanman_proxy|settimeout|83|] 2025-08-18T20:29:51-0400: Proxy_sock 140521664487168 setting a 5 second timeout
[DEBUG|essentials_cubanman_proxy|send|102|] 2025-08-18T20:29:51-0400: Proxy_sock 140521664487168 sending data
[DEBUG|essentials_cubanman_proxy|send|104|] 2025-08-18T20:29:51-0400: success
[DEBUG|essentials_cubanman_proxy|recv|147|] 2025-08-18T20:29:51-0400: Proxy_sock 140521664487168 receiving data from b'www.columbia.edu'
[DEBUG|utils_cubanman_proxy|recv|160|] 2025-08-18T20:29:51-0400: about http msg: datalength: 48178 | totalLength: b'-1' | msgType: 2 | connectionType: 1
[DEBUG|essentials_cubanman_proxy|set_status|94|] 2025-08-18T20:29:51-0400: Proxy_sock 140521664487168 setting connection status to 1
[DEBUG|essentials_cubanman_proxy|send_back|142|] 2025-08-18T20:29:51-0400: Proxy_sock 140521664487168 sending back response received from server
[DEBUG|essentials_cubanman_proxy|send|40|] 2025-08-18T20:29:51-0400: Bws_sock 140521664487360 sending data back
[DEBUG|essentials_cubanman_proxy|send|42|] 2025-08-18T20:29:51-0400: success
[DEBUG|essentials_cubanman_proxy|accept|197|] 2025-08-18T20:29:51-0400: proxy_server accepted a connection
[DEBUG|essentials_cubanman_proxy|settimeout|170|] 2025-08-18T20:29:51-0400: proxy_server setting a 5 second timeout on sock-140521664486688
[DEBUG|essentials_cubanman_proxy|accept|208|] 2025-08-18T20:29:51-0400: bws_sock: 140521664486688 | proxy_sock 140521664487264
[DEBUG|essentials_cubanman_proxy|recv|34|] 2025-08-18T20:29:51-0400: Bws_sock 140521664486688 receiving data
[DEBUG|utils_cubanman_proxy|recv|160|] 2025-08-18T20:29:51-0400: about http msg: datalength: 0 | totalLength: b'-1' | msgType: 3 | connectionType: 1
[DEBUG|essentials_cubanman_proxy|set_status|29|] 2025-08-18T20:29:51-0400: setting connection status of Bws_sock 140521664486688 and Proxy_sock 140521664487264
[DEBUG|essentials_cubanman_proxy|connect|128|] 2025-08-18T20:29:51-0400: Proxy_sock 140521664487264 connecting to b'www.columbia.edu' on 80
[DEBUG|essentials_cubanman_proxy|settimeout|83|] 2025-08-18T20:29:51-0400: Proxy_sock 140521664487264 setting a 5 second timeout
[DEBUG|essentials_cubanman_proxy|send|102|] 2025-08-18T20:29:51-0400: Proxy_sock 140521664487264 sending data
[DEBUG|essentials_cubanman_proxy|send|104|] 2025-08-18T20:29:51-0400: success
[DEBUG|essentials_cubanman_proxy|recv|147|] 2025-08-18T20:29:51-0400: Proxy_sock 140521664487264 receiving data from b'www.columbia.edu'
[DEBUG|utils_cubanman_proxy|recv|160|] 2025-08-18T20:29:51-0400: about http msg: datalength: 2532 | totalLength: b'-1' | msgType: 2 | connectionType: 1
[DEBUG|essentials_cubanman_proxy|set_status|94|] 2025-08-18T20:29:51-0400: Proxy_sock 140521664487264 setting connection status to 1
[DEBUG|essentials_cubanman_proxy|send_back|142|] 2025-08-18T20:29:51-0400: Proxy_sock 140521664487264 sending back response received from server
[DEBUG|essentials_cubanman_proxy|send|40|] 2025-08-18T20:29:51-0400: Bws_sock 140521664486688 sending data back
[DEBUG|essentials_cubanman_proxy|send|42|] 2025-08-18T20:29:51-0400: success
[DEBUG|essentials_cubanman_proxy|accept|197|] 2025-08-18T20:29:51-0400: proxy_server accepted a connection
[DEBUG|essentials_cubanman_proxy|settimeout|170|] 2025-08-18T20:29:51-0400: proxy_server setting a 5 second timeout on sock-140521664487456
[DEBUG|essentials_cubanman_proxy|accept|208|] 2025-08-18T20:29:51-0400: bws_sock: 140521664487456 | proxy_sock 140521664487072
[DEBUG|essentials_cubanman_proxy|recv|34|] 2025-08-18T20:29:51-0400: Bws_sock 140521664487360 receiving data
[DEBUG|utils_cubanman_proxy|recv|160|] 2025-08-18T20:29:51-0400: about http msg: datalength: 0 | totalLength: b'-1' | msgType: 3 | connectionType: 1
[DEBUG|essentials_cubanman_proxy|set_status|29|] 2025-08-18T20:29:51-0400: setting connection status of Bws_sock 140521664487360 and Proxy_sock 140521664487168
[DEBUG|essentials_cubanman_proxy|send|102|] 2025-08-18T20:29:51-0400: Proxy_sock 140521664487168 sending data
[DEBUG|essentials_cubanman_proxy|send|104|] 2025-08-18T20:29:51-0400: success
[DEBUG|essentials_cubanman_proxy|recv|34|] 2025-08-18T20:29:51-0400: Bws_sock 140521664487456 receiving data
[DEBUG|utils_cubanman_proxy|recv|160|] 2025-08-18T20:29:51-0400: about http msg: datalength: 2231 | totalLength: 2231 | msgType: 1 | connectionType: 1
[DEBUG|essentials_cubanman_proxy|set_status|29|] 2025-08-18T20:29:51-0400: setting connection status of Bws_sock 140521664487456 and Proxy_sock 140521664487072
[DEBUG|essentials_cubanman_proxy|connect|128|] 2025-08-18T20:29:51-0400: Proxy_sock 140521664487072 connecting to b'www.columbia.edu' on 80
[DEBUG|essentials_cubanman_proxy|settimeout|83|] 2025-08-18T20:29:51-0400: Proxy_sock 140521664487072 setting a 5 second timeout
[DEBUG|essentials_cubanman_proxy|send|102|] 2025-08-18T20:29:51-0400: Proxy_sock 140521664487072 sending data
[DEBUG|essentials_cubanman_proxy|send|104|] 2025-08-18T20:29:51-0400: success
[DEBUG|essentials_cubanman_proxy|recv|147|] 2025-08-18T20:29:51-0400: Proxy_sock 140521664487072 receiving data from b'www.columbia.edu'
[DEBUG|utils_cubanman_proxy|recv|160|] 2025-08-18T20:29:51-0400: about http msg: datalength: 15986 | totalLength: b'-1' | msgType: 2 | connectionType: 1
[DEBUG|essentials_cubanman_proxy|set_status|94|] 2025-08-18T20:29:51-0400: Proxy_sock 140521664487072 setting connection status to 1
[DEBUG|essentials_cubanman_proxy|send_back|142|] 2025-08-18T20:29:51-0400: Proxy_sock 140521664487072 sending back response received from server
[DEBUG|essentials_cubanman_proxy|send|40|] 2025-08-18T20:29:51-0400: Bws_sock 140521664487456 sending data back
[DEBUG|essentials_cubanman_proxy|send|42|] 2025-08-18T20:29:51-0400: success
[DEBUG|essentials_cubanman_proxy|recv|147|] 2025-08-18T20:29:52-0400: Proxy_sock 140521664487168 receiving data from b'www.columbia.edu'
[DEBUG|utils_cubanman_proxy|recv|160|] 2025-08-18T20:29:52-0400: about http msg: datalength: 2468 | totalLength: b'-1' | msgType: 2 | connectionType: 1
[DEBUG|essentials_cubanman_proxy|set_status|94|] 2025-08-18T20:29:52-0400: Proxy_sock 140521664487168 setting connection status to 1
[DEBUG|essentials_cubanman_proxy|send_back|142|] 2025-08-18T20:29:52-0400: Proxy_sock 140521664487168 sending back response received from server
[DEBUG|essentials_cubanman_proxy|send|40|] 2025-08-18T20:29:52-0400: Bws_sock 140521664487360 sending data back
[DEBUG|essentials_cubanman_proxy|send|42|] 2025-08-18T20:29:52-0400: success
[DEBUG|essentials_cubanman_proxy|recv|34|] 2025-08-18T20:29:55-0400: Bws_sock 140521664487360 receiving data
[DEBUG|utils_cubanman_proxy|recv|160|] 2025-08-18T20:29:55-0400: about http msg: datalength: 4567 | totalLength: 4567 | msgType: 1 | connectionType: 1
[DEBUG|essentials_cubanman_proxy|set_status|29|] 2025-08-18T20:29:55-0400: setting connection status of Bws_sock 140521664487360 and Proxy_sock 140521664487168
[DEBUG|essentials_cubanman_proxy|send|102|] 2025-08-18T20:29:55-0400: Proxy_sock 140521664487168 sending data
[DEBUG|essentials_cubanman_proxy|send|104|] 2025-08-18T20:29:55-0400: success
[DEBUG|essentials_cubanman_proxy|recv|147|] 2025-08-18T20:29:55-0400: Proxy_sock 140521664487168 receiving data from b'www.columbia.edu'
[DEBUG|utils_cubanman_proxy|recv|160|] 2025-08-18T20:29:55-0400: about http msg: datalength: 5712 | totalLength: b'-1' | msgType: 2 | connectionType: 1
[DEBUG|essentials_cubanman_proxy|set_status|94|] 2025-08-18T20:29:55-0400: Proxy_sock 140521664487168 setting connection status to 1
[DEBUG|essentials_cubanman_proxy|send_back|142|] 2025-08-18T20:29:55-0400: Proxy_sock 140521664487168 sending back response received from server
[DEBUG|essentials_cubanman_proxy|send|40|] 2025-08-18T20:29:55-0400: Bws_sock 140521664487360 sending data back
[DEBUG|essentials_cubanman_proxy|send|42|] 2025-08-18T20:29:55-0400: success
[DEBUG|essentials_cubanman_proxy|recv|34|] 2025-08-18T20:29:55-0400: Bws_sock 140521664487360 receiving data
[DEBUG|utils_cubanman_proxy|recv|160|] 2025-08-18T20:29:55-0400: about http msg: datalength: 2435 | totalLength: 2435 | msgType: 1 | connectionType: 1
[DEBUG|essentials_cubanman_proxy|set_status|29|] 2025-08-18T20:29:55-0400: setting connection status of Bws_sock 140521664487360 and Proxy_sock 140521664487168
[DEBUG|essentials_cubanman_proxy|send|102|] 2025-08-18T20:29:55-0400: Proxy_sock 140521664487168 sending data
[DEBUG|essentials_cubanman_proxy|send|104|] 2025-08-18T20:29:55-0400: success
[DEBUG|essentials_cubanman_proxy|recv|147|] 2025-08-18T20:29:55-0400: Proxy_sock 140521664487168 receiving data from b'www.columbia.edu'
[DEBUG|utils_cubanman_proxy|recv|160|] 2025-08-18T20:29:55-0400: about http msg: datalength: 13858 | totalLength: b'-1' | msgType: 2 | connectionType: 1
[DEBUG|essentials_cubanman_proxy|set_status|94|] 2025-08-18T20:29:55-0400: Proxy_sock 140521664487168 setting connection status to 1
[DEBUG|essentials_cubanman_proxy|send_back|142|] 2025-08-18T20:29:55-0400: Proxy_sock 140521664487168 sending back response received from server
[DEBUG|essentials_cubanman_proxy|send|40|] 2025-08-18T20:29:55-0400: Bws_sock 140521664487360 sending data back
[DEBUG|essentials_cubanman_proxy|send|42|] 2025-08-18T20:29:55-0400: success
[DEBUG|essentials_cubanman_proxy|recv|34|] 2025-08-18T20:29:55-0400: Bws_sock 140521664487360 receiving data
[DEBUG|utils_cubanman_proxy|recv|160|] 2025-08-18T20:29:55-0400: about http msg: datalength: 0 | totalLength: b'-1' | msgType: 3 | connectionType: 1
[DEBUG|essentials_cubanman_proxy|set_status|29|] 2025-08-18T20:29:55-0400: setting connection status of Bws_sock 140521664487360 and Proxy_sock 140521664487168
[DEBUG|essentials_cubanman_proxy|send|102|] 2025-08-18T20:29:55-0400: Proxy_sock 140521664487168 sending data
[DEBUG|essentials_cubanman_proxy|send|104|] 2025-08-18T20:29:55-0400: success
[DEBUG|essentials_cubanman_proxy|recv|34|] 2025-08-18T20:29:55-0400: Bws_sock 140521664487456 receiving data
[DEBUG|utils_cubanman_proxy|recv|160|] 2025-08-18T20:29:55-0400: about http msg: datalength: 0 | totalLength: b'-1' | msgType: 3 | connectionType: 1
[DEBUG|essentials_cubanman_proxy|set_status|29|] 2025-08-18T20:29:55-0400: setting connection status of Bws_sock 140521664487456 and Proxy_sock 140521664487072
[DEBUG|essentials_cubanman_proxy|send|102|] 2025-08-18T20:29:55-0400: Proxy_sock 140521664487072 sending data
[DEBUG|essentials_cubanman_proxy|send|104|] 2025-08-18T20:29:55-0400: success
[DEBUG|essentials_cubanman_proxy|recv|147|] 2025-08-18T20:29:55-0400: Proxy_sock 140521664487072 receiving data from b'www.columbia.edu'
[DEBUG|utils_cubanman_proxy|recv|160|] 2025-08-18T20:29:55-0400: about http msg: datalength: 0 | totalLength: 0 | msgType: 1 | connectionType: 1
[DEBUG|essentials_cubanman_proxy|set_status|94|] 2025-08-18T20:29:55-0400: Proxy_sock 140521664487072 setting connection status to 1
[DEBUG|essentials_cubanman_proxy|send_back|142|] 2025-08-18T20:29:55-0400: Proxy_sock 140521664487072 sending back response received from server
[DEBUG|essentials_cubanman_proxy|send|40|] 2025-08-18T20:29:55-0400: Bws_sock 140521664487456 sending data back
[DEBUG|essentials_cubanman_proxy|send|42|] 2025-08-18T20:29:55-0400: success
[DEBUG|essentials_cubanman_proxy|recv|34|] 2025-08-18T20:29:55-0400: Bws_sock 140521664487456 receiving data
[DEBUG|utils_cubanman_proxy|recv|160|] 2025-08-18T20:29:55-0400: about http msg: datalength: 0 | totalLength: b'-1' | msgType: 3 | connectionType: 1
[DEBUG|essentials_cubanman_proxy|set_status|29|] 2025-08-18T20:29:55-0400: setting connection status of Bws_sock 140521664487456 and Proxy_sock 140521664487072
[DEBUG|essentials_cubanman_proxy|send|102|] 2025-08-18T20:29:55-0400: Proxy_sock 140521664487072 sending data
[DEBUG|essentials_cubanman_proxy|send|104|] 2025-08-18T20:29:55-0400: success
[DEBUG|essentials_cubanman_proxy|recv|147|] 2025-08-18T20:29:55-0400: Proxy_sock 140521664487168 receiving data from b'www.columbia.edu'
[DEBUG|utils_cubanman_proxy|recv|160|] 2025-08-18T20:29:55-0400: about http msg: datalength: 44566 | totalLength: 44566 | msgType: 1 | connectionType: 1
[DEBUG|essentials_cubanman_proxy|set_status|94|] 2025-08-18T20:29:55-0400: Proxy_sock 140521664487168 setting connection status to 1
[DEBUG|essentials_cubanman_proxy|send_back|142|] 2025-08-18T20:29:55-0400: Proxy_sock 140521664487168 sending back response received from server
[DEBUG|essentials_cubanman_proxy|send|40|] 2025-08-18T20:29:55-0400: Bws_sock 140521664487360 sending data back
[DEBUG|essentials_cubanman_proxy|send|42|] 2025-08-18T20:29:55-0400: success
[DEBUG|essentials_cubanman_proxy|recv|147|] 2025-08-18T20:29:55-0400: Proxy_sock 140521664487072 receiving data from b'www.columbia.edu'
[DEBUG|utils_cubanman_proxy|recv|160|] 2025-08-18T20:29:55-0400: about http msg: datalength: 5909 | totalLength: b'-1' | msgType: 2 | connectionType: 1
[DEBUG|essentials_cubanman_proxy|set_status|94|] 2025-08-18T20:29:55-0400: Proxy_sock 140521664487072 setting connection status to 1
[DEBUG|essentials_cubanman_proxy|send_back|142|] 2025-08-18T20:29:55-0400: Proxy_sock 140521664487072 sending back response received from server
[DEBUG|essentials_cubanman_proxy|send|40|] 2025-08-18T20:29:55-0400: Bws_sock 140521664487456 sending data back
[DEBUG|essentials_cubanman_proxy|send|42|] 2025-08-18T20:29:55-0400: success
[DEBUG|essentials_cubanman_proxy|recv|34|] 2025-08-18T20:29:55-0400: Bws_sock 140521664487360 receiving data
[DEBUG|utils_cubanman_proxy|recv|160|] 2025-08-18T20:29:55-0400: about http msg: datalength: 11771 | totalLength: 11771 | msgType: 1 | connectionType: 1
[DEBUG|essentials_cubanman_proxy|set_status|29|] 2025-08-18T20:29:55-0400: setting connection status of Bws_sock 140521664487360 and Proxy_sock 140521664487168
[DEBUG|essentials_cubanman_proxy|send|102|] 2025-08-18T20:29:55-0400: Proxy_sock 140521664487168 sending data
[DEBUG|essentials_cubanman_proxy|send|104|] 2025-08-18T20:29:55-0400: success
[DEBUG|essentials_cubanman_proxy|recv|147|] 2025-08-18T20:29:55-0400: Proxy_sock 140521664487168 receiving data from b'www.columbia.edu'
[DEBUG|utils_cubanman_proxy|recv|160|] 2025-08-18T20:29:55-0400: about http msg: datalength: 0 | totalLength: 0 | msgType: 1 | connectionType: 1
[DEBUG|essentials_cubanman_proxy|set_status|94|] 2025-08-18T20:29:55-0400: Proxy_sock 140521664487168 setting connection status to 1
[DEBUG|essentials_cubanman_proxy|send_back|142|] 2025-08-18T20:29:55-0400: Proxy_sock 140521664487168 sending back response received from server
[DEBUG|essentials_cubanman_proxy|send|40|] 2025-08-18T20:29:55-0400: Bws_sock 140521664487360 sending data back
[DEBUG|essentials_cubanman_proxy|send|42|] 2025-08-18T20:29:55-0400: success
[DEBUG|essentials_cubanman_proxy|recv|34|] 2025-08-18T20:30:04-0400: Bws_sock 140521664487360 receiving data
[DEBUG|utils_cubanman_proxy|recv|160|] 2025-08-18T20:30:04-0400: about http msg: datalength: 0 | totalLength: b'-1' | msgType: 3 | connectionType: 1
[DEBUG|essentials_cubanman_proxy|set_status|29|] 2025-08-18T20:30:04-0400: setting connection status of Bws_sock 140521664487360 and Proxy_sock 140521664487168
[DEBUG|essentials_cubanman_proxy|send|102|] 2025-08-18T20:30:04-0400: Proxy_sock 140521664487168 sending data
[DEBUG|essentials_cubanman_proxy|send|104|] 2025-08-18T20:30:04-0400: success
[DEBUG|essentials_cubanman_proxy|recv|147|] 2025-08-18T20:30:04-0400: Proxy_sock 140521664487168 receiving data from b'www.columbia.edu'
[DEBUG|utils_cubanman_proxy|recv|160|] 2025-08-18T20:30:04-0400: about http msg: datalength: 13418 | totalLength: b'-1' | msgType: 2 | connectionType: 1
[DEBUG|essentials_cubanman_proxy|set_status|94|] 2025-08-18T20:30:04-0400: Proxy_sock 140521664487168 setting connection status to 1
[DEBUG|essentials_cubanman_proxy|send_back|142|] 2025-08-18T20:30:04-0400: Proxy_sock 140521664487168 sending back response received from server
[DEBUG|essentials_cubanman_proxy|send|40|] 2025-08-18T20:30:04-0400: Bws_sock 140521664487360 sending data back
[DEBUG|essentials_cubanman_proxy|send|42|] 2025-08-18T20:30:04-0400: success
[DEBUG|essentials_cubanman_proxy|recv|34|] 2025-08-18T20:30:19-0400: Bws_sock 140521664487360 receiving data
[DEBUG|utils_cubanman_proxy|recv|160|] 2025-08-18T20:30:19-0400: about http msg: datalength: 0 | totalLength: b'-1' | msgType: 3 | connectionType: 1
[DEBUG|essentials_cubanman_proxy|set_status|29|] 2025-08-18T20:30:19-0400: setting connection status of Bws_sock 140521664487360 and Proxy_sock 140521664487168
[DEBUG|essentials_cubanman_proxy|send|102|] 2025-08-18T20:30:19-0400: Proxy_sock 140521664487168 sending data
[DEBUG|essentials_cubanman_proxy|send|104|] 2025-08-18T20:30:19-0400: success
[DEBUG|essentials_cubanman_proxy|recv|147|] 2025-08-18T20:30:19-0400: Proxy_sock 140521664487168 receiving data from b'www.columbia.edu'
[DEBUG|utils_cubanman_proxy|recv|160|] 2025-08-18T20:30:19-0400: about http msg: datalength: 2956 | totalLength: b'-1' | msgType: 2 | connectionType: 1
[DEBUG|essentials_cubanman_proxy|set_status|94|] 2025-08-18T20:30:19-0400: Proxy_sock 140521664487168 setting connection status to 1
[DEBUG|essentials_cubanman_proxy|send_back|142|] 2025-08-18T20:30:19-0400: Proxy_sock 140521664487168 sending back response received from server
[DEBUG|essentials_cubanman_proxy|send|40|] 2025-08-18T20:30:19-0400: Bws_sock 140521664487360 sending data back
[DEBUG|essentials_cubanman_proxy|send|42|] 2025-08-18T20:30:19-0400: success
[DEBUG|essentials_cubanman_proxy|recv|34|] 2025-08-18T20:30:19-0400: Bws_sock 140521664487360 receiving data
[DEBUG|utils_cubanman_proxy|recv|160|] 2025-08-18T20:30:19-0400: about http msg: datalength: 0 | totalLength: b'-1' | msgType: 3 | connectionType: 1
[DEBUG|essentials_cubanman_proxy|set_status|29|] 2025-08-18T20:30:19-0400: setting connection status of Bws_sock 140521664487360 and Proxy_sock 140521664487168
[DEBUG|essentials_cubanman_proxy|send|102|] 2025-08-18T20:30:19-0400: Proxy_sock 140521664487168 sending data
[DEBUG|essentials_cubanman_proxy|send|104|] 2025-08-18T20:30:19-0400: success
[DEBUG|essentials_cubanman_proxy|recv|147|] 2025-08-18T20:30:19-0400: Proxy_sock 140521664487168 receiving data from b'www.columbia.edu'
[DEBUG|utils_cubanman_proxy|recv|160|] 2025-08-18T20:30:19-0400: about http msg: datalength: 1739 | totalLength: b'-1' | msgType: 2 | connectionType: 1
[DEBUG|essentials_cubanman_proxy|set_status|94|] 2025-08-18T20:30:19-0400: Proxy_sock 140521664487168 setting connection status to 1
[DEBUG|essentials_cubanman_proxy|send_back|142|] 2025-08-18T20:30:19-0400: Proxy_sock 140521664487168 sending back response received from server
[DEBUG|essentials_cubanman_proxy|send|40|] 2025-08-18T20:30:19-0400: Bws_sock 140521664487360 sending data back
[DEBUG|essentials_cubanman_proxy|send|42|] 2025-08-18T20:30:19-0400: success
[DEBUG|essentials_cubanman_proxy|recv|34|] 2025-08-18T20:30:19-0400: Bws_sock 140521664487360 receiving data
[DEBUG|utils_cubanman_proxy|recv|160|] 2025-08-18T20:30:19-0400: about http msg: datalength: 0 | totalLength: b'-1' | msgType: 3 | connectionType: 1
[DEBUG|essentials_cubanman_proxy|set_status|29|] 2025-08-18T20:30:19-0400: setting connection status of Bws_sock 140521664487360 and Proxy_sock 140521664487168
[DEBUG|essentials_cubanman_proxy|send|102|] 2025-08-18T20:30:19-0400: Proxy_sock 140521664487168 sending data
[DEBUG|essentials_cubanman_proxy|send|104|] 2025-08-18T20:30:19-0400: success
[DEBUG|essentials_cubanman_proxy|recv|34|] 2025-08-18T20:30:19-0400: Bws_sock 140521664487456 receiving data
[DEBUG|utils_cubanman_proxy|recv|160|] 2025-08-18T20:30:19-0400: about http msg: datalength: 0 | totalLength: b'-1' | msgType: 3 | connectionType: 1
[DEBUG|essentials_cubanman_proxy|set_status|29|] 2025-08-18T20:30:19-0400: setting connection status of Bws_sock 140521664487456 and Proxy_sock 140521664487072
[DEBUG|essentials_cubanman_proxy|send|102|] 2025-08-18T20:30:19-0400: Proxy_sock 140521664487072 sending data
[DEBUG|essentials_cubanman_proxy|send|104|] 2025-08-18T20:30:19-0400: success
[DEBUG|essentials_cubanman_proxy|recv|34|] 2025-08-18T20:30:19-0400: Bws_sock 140521664486688 receiving data
[DEBUG|utils_cubanman_proxy|recv|160|] 2025-08-18T20:30:19-0400: about http msg: datalength: 0 | totalLength: b'-1' | msgType: 3 | connectionType: 1
[DEBUG|essentials_cubanman_proxy|set_status|29|] 2025-08-18T20:30:19-0400: setting connection status of Bws_sock 140521664486688 and Proxy_sock 140521664487264
[DEBUG|essentials_cubanman_proxy|send|102|] 2025-08-18T20:30:19-0400: Proxy_sock 140521664487264 sending data
[DEBUG|essentials_cubanman_proxy|send|104|] 2025-08-18T20:30:19-0400: success
[DEBUG|essentials_cubanman_proxy|accept|197|] 2025-08-18T20:30:19-0400: proxy_server accepted a connection
[DEBUG|essentials_cubanman_proxy|settimeout|170|] 2025-08-18T20:30:19-0400: proxy_server setting a 5 second timeout on sock-140521664486976
[DEBUG|essentials_cubanman_proxy|accept|208|] 2025-08-18T20:30:19-0400: bws_sock: 140521664486976 | proxy_sock 140521664487840
[DEBUG|essentials_cubanman_proxy|recv|34|] 2025-08-18T20:30:19-0400: Bws_sock 140521664486976 receiving data
[DEBUG|utils_cubanman_proxy|recv|160|] 2025-08-18T20:30:19-0400: about http msg: datalength: 0 | totalLength: b'-1' | msgType: 3 | connectionType: 1
[DEBUG|essentials_cubanman_proxy|set_status|29|] 2025-08-18T20:30:19-0400: setting connection status of Bws_sock 140521664486976 and Proxy_sock 140521664487840
[DEBUG|essentials_cubanman_proxy|connect|128|] 2025-08-18T20:30:19-0400: Proxy_sock 140521664487840 connecting to b'httpforever.com' on 80
[DEBUG|essentials_cubanman_proxy|settimeout|83|] 2025-08-18T20:30:20-0400: Proxy_sock 140521664487840 setting a 5 second timeout
[DEBUG|essentials_cubanman_proxy|send|102|] 2025-08-18T20:30:20-0400: Proxy_sock 140521664487840 sending data
[DEBUG|essentials_cubanman_proxy|send|104|] 2025-08-18T20:30:20-0400: success
[DEBUG|essentials_cubanman_proxy|recv|147|] 2025-08-18T20:30:20-0400: Proxy_sock 140521664487840 receiving data from b'httpforever.com'
[DEBUG|utils_cubanman_proxy|recv|160|] 2025-08-18T20:30:20-0400: about http msg: datalength: 42 | totalLength: 42 | msgType: 1 | connectionType: 1
[DEBUG|essentials_cubanman_proxy|set_status|94|] 2025-08-18T20:30:20-0400: Proxy_sock 140521664487840 setting connection status to 1
[DEBUG|essentials_cubanman_proxy|send_back|142|] 2025-08-18T20:30:20-0400: Proxy_sock 140521664487840 sending back response received from server
[DEBUG|essentials_cubanman_proxy|send|40|] 2025-08-18T20:30:20-0400: Bws_sock 140521664486976 sending data back
[DEBUG|essentials_cubanman_proxy|send|42|] 2025-08-18T20:30:20-0400: success
[DEBUG|essentials_cubanman_proxy|recv|147|] 2025-08-18T20:30:20-0400: Proxy_sock 140521664487168 receiving data from b'www.columbia.edu'
[DEBUG|utils_cubanman_proxy|recv|160|] 2025-08-18T20:30:20-0400: about http msg: datalength: 5251 | totalLength: b'-1' | msgType: 2 | connectionType: 1
[DEBUG|essentials_cubanman_proxy|set_status|94|] 2025-08-18T20:30:20-0400: Proxy_sock 140521664487168 setting connection status to 1
[DEBUG|essentials_cubanman_proxy|send_back|142|] 2025-08-18T20:30:20-0400: Proxy_sock 140521664487168 sending back response received from server
[DEBUG|essentials_cubanman_proxy|send|40|] 2025-08-18T20:30:20-0400: Bws_sock 140521664487360 sending data back
[DEBUG|essentials_cubanman_proxy|send|42|] 2025-08-18T20:30:20-0400: success
[DEBUG|essentials_cubanman_proxy|recv|147|] 2025-08-18T20:30:20-0400: Proxy_sock 140521664487264 receiving data from b'www.columbia.edu'
[DEBUG|utils_cubanman_proxy|recv|160|] 2025-08-18T20:30:20-0400: about http msg: datalength: 1445 | totalLength: b'-1' | msgType: 2 | connectionType: 1
[DEBUG|essentials_cubanman_proxy|set_status|94|] 2025-08-18T20:30:20-0400: Proxy_sock 140521664487264 setting connection status to 1
[DEBUG|essentials_cubanman_proxy|send_back|142|] 2025-08-18T20:30:20-0400: Proxy_sock 140521664487264 sending back response received from server
[DEBUG|essentials_cubanman_proxy|send|40|] 2025-08-18T20:30:20-0400: Bws_sock 140521664486688 sending data back
[DEBUG|essentials_cubanman_proxy|send|42|] 2025-08-18T20:30:20-0400: success
[DEBUG|essentials_cubanman_proxy|recv|147|] 2025-08-18T20:30:20-0400: Proxy_sock 140521664487072 receiving data from b'www.columbia.edu'
[DEBUG|utils_cubanman_proxy|recv|160|] 2025-08-18T20:30:20-0400: about http msg: datalength: 1351 | totalLength: b'-1' | msgType: 2 | connectionType: 1
[DEBUG|essentials_cubanman_proxy|set_status|94|] 2025-08-18T20:30:20-0400: Proxy_sock 140521664487072 setting connection status to 1
[DEBUG|essentials_cubanman_proxy|send_back|142|] 2025-08-18T20:30:20-0400: Proxy_sock 140521664487072 sending back response received from server
[DEBUG|essentials_cubanman_proxy|send|40|] 2025-08-18T20:30:20-0400: Bws_sock 140521664487456 sending data back
[DEBUG|essentials_cubanman_proxy|send|42|] 2025-08-18T20:30:20-0400: success
[DEBUG|essentials_cubanman_proxy|recv|34|] 2025-08-18T20:30:20-0400: Bws_sock 140521664487360 receiving data
[DEBUG|utils_cubanman_proxy|recv|160|] 2025-08-18T20:30:20-0400: about http msg: datalength: 0 | totalLength: b'-1' | msgType: 3 | connectionType: 1
[DEBUG|essentials_cubanman_proxy|set_status|29|] 2025-08-18T20:30:20-0400: setting connection status of Bws_sock 140521664487360 and Proxy_sock 140521664487168
[DEBUG|essentials_cubanman_proxy|send|102|] 2025-08-18T20:30:20-0400: Proxy_sock 140521664487168 sending data
[DEBUG|essentials_cubanman_proxy|send|104|] 2025-08-18T20:30:20-0400: success
[DEBUG|essentials_cubanman_proxy|recv|34|] 2025-08-18T20:30:20-0400: Bws_sock 140521664487456 receiving data
[DEBUG|utils_cubanman_proxy|recv|160|] 2025-08-18T20:30:20-0400: about http msg: datalength: 0 | totalLength: b'-1' | msgType: 3 | connectionType: 1
[DEBUG|essentials_cubanman_proxy|set_status|29|] 2025-08-18T20:30:20-0400: setting connection status of Bws_sock 140521664487456 and Proxy_sock 140521664487072
[DEBUG|essentials_cubanman_proxy|send|102|] 2025-08-18T20:30:20-0400: Proxy_sock 140521664487072 sending data
[DEBUG|essentials_cubanman_proxy|send|104|] 2025-08-18T20:30:20-0400: success
[DEBUG|essentials_cubanman_proxy|recv|34|] 2025-08-18T20:30:20-0400: Bws_sock 140521664486688 receiving data
[DEBUG|utils_cubanman_proxy|recv|160|] 2025-08-18T20:30:20-0400: about http msg: datalength: 0 | totalLength: b'-1' | msgType: 3 | connectionType: 1
[DEBUG|essentials_cubanman_proxy|set_status|29|] 2025-08-18T20:30:20-0400: setting connection status of Bws_sock 140521664486688 and Proxy_sock 140521664487264
[DEBUG|essentials_cubanman_proxy|send|102|] 2025-08-18T20:30:20-0400: Proxy_sock 140521664487264 sending data
[DEBUG|essentials_cubanman_proxy|send|104|] 2025-08-18T20:30:20-0400: success
[DEBUG|essentials_cubanman_proxy|recv|34|] 2025-08-18T20:30:20-0400: Bws_sock 140521664486976 receiving data
[DEBUG|utils_cubanman_proxy|recv|160|] 2025-08-18T20:30:20-0400: about http msg: datalength: 0 | totalLength: b'-1' | msgType: 3 | connectionType: 1
[DEBUG|essentials_cubanman_proxy|set_status|29|] 2025-08-18T20:30:20-0400: setting connection status of Bws_sock 140521664486976 and Proxy_sock 140521664487840
[DEBUG|essentials_cubanman_proxy|send|102|] 2025-08-18T20:30:20-0400: Proxy_sock 140521664487840 sending data
[DEBUG|essentials_cubanman_proxy|send|104|] 2025-08-18T20:30:20-0400: success
[DEBUG|essentials_cubanman_proxy|recv|147|] 2025-08-18T20:30:20-0400: Proxy_sock 140521664487168 receiving data from b'www.columbia.edu'
[DEBUG|utils_cubanman_proxy|recv|160|] 2025-08-18T20:30:20-0400: about http msg: datalength: 1905 | totalLength: b'-1' | msgType: 2 | connectionType: 1
[DEBUG|essentials_cubanman_proxy|set_status|94|] 2025-08-18T20:30:20-0400: Proxy_sock 140521664487168 setting connection status to 1
[DEBUG|essentials_cubanman_proxy|send_back|142|] 2025-08-18T20:30:20-0400: Proxy_sock 140521664487168 sending back response received from server
[DEBUG|essentials_cubanman_proxy|send|40|] 2025-08-18T20:30:20-0400: Bws_sock 140521664487360 sending data back
[DEBUG|essentials_cubanman_proxy|send|42|] 2025-08-18T20:30:20-0400: success
[DEBUG|essentials_cubanman_proxy|recv|147|] 2025-08-18T20:30:20-0400: Proxy_sock 140521664487072 receiving data from b'www.columbia.edu'
[DEBUG|utils_cubanman_proxy|recv|160|] 2025-08-18T20:30:20-0400: about http msg: datalength: 1568 | totalLength: b'-1' | msgType: 2 | connectionType: 1
[DEBUG|essentials_cubanman_proxy|set_status|94|] 2025-08-18T20:30:20-0400: Proxy_sock 140521664487072 setting connection status to 1
[DEBUG|essentials_cubanman_proxy|send_back|142|] 2025-08-18T20:30:20-0400: Proxy_sock 140521664487072 sending back response received from server
[DEBUG|essentials_cubanman_proxy|send|40|] 2025-08-18T20:30:20-0400: Bws_sock 140521664487456 sending data back
[DEBUG|essentials_cubanman_proxy|send|42|] 2025-08-18T20:30:20-0400: success
[DEBUG|essentials_cubanman_proxy|recv|147|] 2025-08-18T20:30:20-0400: Proxy_sock 140521664487264 receiving data from b'www.columbia.edu'
[DEBUG|utils_cubanman_proxy|recv|160|] 2025-08-18T20:30:20-0400: about http msg: datalength: 1538 | totalLength: b'-1' | msgType: 2 | connectionType: 1
[DEBUG|essentials_cubanman_proxy|set_status|94|] 2025-08-18T20:30:20-0400: Proxy_sock 140521664487264 setting connection status to 1
[DEBUG|essentials_cubanman_proxy|send_back|142|] 2025-08-18T20:30:20-0400: Proxy_sock 140521664487264 sending back response received from server
[DEBUG|essentials_cubanman_proxy|send|40|] 2025-08-18T20:30:20-0400: Bws_sock 140521664486688 sending data back
[DEBUG|essentials_cubanman_proxy|send|42|] 2025-08-18T20:30:20-0400: success
[DEBUG|essentials_cubanman_proxy|recv|147|] 2025-08-18T20:30:20-0400: Proxy_sock 140521664487840 receiving data from b'httpforever.com'
[DEBUG|utils_cubanman_proxy|recv|160|] 2025-08-18T20:30:20-0400: about http msg: datalength: 457 | totalLength: 457 | msgType: 1 | connectionType: 1
[DEBUG|essentials_cubanman_proxy|set_status|94|] 2025-08-18T20:30:20-0400: Proxy_sock 140521664487840 setting connection status to 1
[DEBUG|essentials_cubanman_proxy|send_back|142|] 2025-08-18T20:30:20-0400: Proxy_sock 140521664487840 sending back response received from server
[DEBUG|essentials_cubanman_proxy|send|40|] 2025-08-18T20:30:20-0400: Bws_sock 140521664486976 sending data back
[DEBUG|essentials_cubanman_proxy|send|42|] 2025-08-18T20:30:20-0400: success
[DEBUG|essentials_cubanman_proxy|close|285|] 2025-08-18T20:30:21-0400: SIGINT signal was detected. ending
[DEBUG|essentials_cubanman_proxy|close|177|] 2025-08-18T20:30:21-0400: proxy_server is closing
[DEBUG|essentials_cubanman_proxy|close|57|] 2025-08-18T20:30:21-0400: closing Bws_sock 140521664486592
[DEBUG|essentials_cubanman_proxy|close|91|] 2025-08-18T20:30:21-0400: Proxy_sock 140521664486496 was closed...
[DEBUG|essentials_cubanman_proxy|close|57|] 2025-08-18T20:30:21-0400: closing Bws_sock 140521664486784
[DEBUG|essentials_cubanman_proxy|close|91|] 2025-08-18T20:30:21-0400: Proxy_sock 140521664486880 was closed...
[DEBUG|essentials_cubanman_proxy|close|57|] 2025-08-18T20:30:21-0400: closing Bws_sock 140521664487360
[DEBUG|essentials_cubanman_proxy|close|91|] 2025-08-18T20:30:21-0400: Proxy_sock 140521664487168 was closed...
[DEBUG|essentials_cubanman_proxy|close|57|] 2025-08-18T20:30:21-0400: closing Bws_sock 140521664486688
[DEBUG|essentials_cubanman_proxy|close|91|] 2025-08-18T20:30:21-0400: Proxy_sock 140521664487264 was closed...
[DEBUG|essentials_cubanman_proxy|close|57|] 2025-08-18T20:30:21-0400: closing Bws_sock 140521664487456
[DEBUG|essentials_cubanman_proxy|close|91|] 2025-08-18T20:30:21-0400: Proxy_sock 140521664487072 was closed...
[DEBUG|essentials_cubanman_proxy|close|57|] 2025-08-18T20:30:21-0400: closing Bws_sock 140521664486976
[DEBUG|essentials_cubanman_proxy|close|91|] 2025-08-18T20:30:21-0400: Proxy_sock 140521664487840 was closed...
